<?xml version="1.0" encoding="UTF-8"?>
<!-- Generated by org.testng.reporters.JUnitXMLReporter -->
<testsuite ignored="0" hostname="PDCLT01695T9G3" failures="4" tests="4" name="SSP BVT Test" time="117.884" errors="0" timestamp="2024-05-08T10:09:21 IST">
  <testcase classname="com.capita.one.housing.tests.playwright.POC.CRUD_PSH_MobileVisits_BVTTest" name="housingLogin" time="5.982">
    <failure type="org.opentest4j.AssertionFailedError" message="Locator expected to be visible
Call log:
Locator.expect with timeout 5000ms
waiting for getByRole(AriaRole.HEADING, new Page.GetByRoleOptions().setName(&amp;quot;Search your information&amp;quot;))">
      <![CDATA[org.opentest4j.AssertionFailedError: Locator expected to be visible
Call log:
Locator.expect with timeout 5000ms
waiting for getByRole(AriaRole.HEADING, new Page.GetByRoleOptions().setName("Search your information"))
at com.microsoft.playwright.impl.AssertionsBase.expectImpl(AssertionsBase.java:68)
at com.microsoft.playwright.impl.AssertionsBase.expectImpl(AssertionsBase.java:50)
at com.microsoft.playwright.impl.LocatorAssertionsImpl.expectTrue(LocatorAssertionsImpl.java:354)
at com.microsoft.playwright.impl.LocatorAssertionsImpl.isVisible(LocatorAssertionsImpl.java:349)
at com.microsoft.playwright.assertions.LocatorAssertions.isVisible(LocatorAssertions.java:698)
at com.capita.one.housing.tests.playwright.POC.CRUD_PSH_MobileVisits_BVTTest.housingLogin(CRUD_PSH_MobileVisits_BVTTest.java:90)
at java.base/java.util.ArrayList.forEach(ArrayList.java:1511)
... Removed 27 stack frames]]>
    </failure>
  </testcase> <!-- housingLogin -->
  <testcase classname="com.capita.one.housing.tests.playwright.POC.CRUD_PSH_MobileVisits_BVTTest" name="housingNavigation" time="11.521">
    <failure type="org.opentest4j.AssertionFailedError" message="Locator expected to be visible
Call log:
Locator.expect with timeout 5000ms
waiting for getByText(&amp;quot;Advanced search&amp;quot;)">
      <![CDATA[org.opentest4j.AssertionFailedError: Locator expected to be visible
Call log:
Locator.expect with timeout 5000ms
waiting for getByText("Advanced search")
at com.microsoft.playwright.impl.AssertionsBase.expectImpl(AssertionsBase.java:68)
at com.microsoft.playwright.impl.AssertionsBase.expectImpl(AssertionsBase.java:50)
at com.microsoft.playwright.impl.LocatorAssertionsImpl.expectTrue(LocatorAssertionsImpl.java:354)
at com.microsoft.playwright.impl.LocatorAssertionsImpl.isVisible(LocatorAssertionsImpl.java:349)
at com.microsoft.playwright.assertions.LocatorAssertions.isVisible(LocatorAssertions.java:698)
at com.capita.one.housing.tests.playwright.POC.CRUD_PSH_MobileVisits_BVTTest.housingNavigation(CRUD_PSH_MobileVisits_BVTTest.java:101)
at java.base/java.util.ArrayList.forEach(ArrayList.java:1511)
... Removed 27 stack frames]]>
    </failure>
  </testcase> <!-- housingNavigation -->
  <testcase classname="com.capita.one.housing.tests.playwright.POC.CRUD_PSH_MobileVisits_BVTTest" name="pshSearch" time="5.446">
    <failure type="org.opentest4j.AssertionFailedError" message="Locator expected to be visible
Call log:
Locator.expect with timeout 5000ms
waiting for getByText(&amp;quot;Advanced search&amp;quot;)">
      <![CDATA[org.opentest4j.AssertionFailedError: Locator expected to be visible
Call log:
Locator.expect with timeout 5000ms
waiting for getByText("Advanced search")
at com.microsoft.playwright.impl.AssertionsBase.expectImpl(AssertionsBase.java:68)
at com.microsoft.playwright.impl.AssertionsBase.expectImpl(AssertionsBase.java:50)
at com.microsoft.playwright.impl.LocatorAssertionsImpl.expectTrue(LocatorAssertionsImpl.java:354)
at com.microsoft.playwright.impl.LocatorAssertionsImpl.isVisible(LocatorAssertionsImpl.java:349)
at com.microsoft.playwright.assertions.LocatorAssertions.isVisible(LocatorAssertions.java:698)
at com.capita.one.housing.tests.playwright.POC.CRUD_PSH_MobileVisits_BVTTest.pshSearch(CRUD_PSH_MobileVisits_BVTTest.java:106)
at java.base/java.util.ArrayList.forEach(ArrayList.java:1511)
... Removed 27 stack frames]]>
    </failure>
  </testcase> <!-- pshSearch -->
  <testcase classname="com.capita.one.housing.tests.playwright.POC.CRUD_PSH_MobileVisits_BVTTest" name="crudeStopCode" time="23.295">
    <failure type="org.opentest4j.AssertionFailedError" message="Locator expected to be visible
Call log:
Locator.expect with timeout 5000ms
waiting for locator(&amp;quot;span&amp;quot;).filter(new Locator.FilterOptions().setHasText(&amp;quot;Options&amp;quot;)).first()">
      <![CDATA[org.opentest4j.AssertionFailedError: Locator expected to be visible
Call log:
Locator.expect with timeout 5000ms
waiting for locator("span").filter(new Locator.FilterOptions().setHasText("Options")).first()
at com.microsoft.playwright.impl.AssertionsBase.expectImpl(AssertionsBase.java:68)
at com.microsoft.playwright.impl.AssertionsBase.expectImpl(AssertionsBase.java:50)
at com.microsoft.playwright.impl.LocatorAssertionsImpl.expectTrue(LocatorAssertionsImpl.java:354)
at com.microsoft.playwright.impl.LocatorAssertionsImpl.isVisible(LocatorAssertionsImpl.java:349)
at com.microsoft.playwright.assertions.LocatorAssertions.isVisible(LocatorAssertions.java:698)
at com.capita.one.housing.tests.playwright.POC.CRUD_PSH_MobileVisits_BVTTest.crudeStopCode(CRUD_PSH_MobileVisits_BVTTest.java:119)
at java.base/java.util.ArrayList.forEach(ArrayList.java:1511)
... Removed 27 stack frames]]>
    </failure>
  </testcase> <!-- crudeStopCode -->
</testsuite> <!-- SSP BVT Test -->
