<?xml version="1.0" encoding="UTF-8"?>
<!-- Generated by org.testng.reporters.JUnitXMLReporter -->
<testsuite ignored="0" hostname="PDCLT01695T9G3" failures="0" tests="5" name="Default test" time="328.923" errors="0" timestamp="2024-05-09T12:07:28 IST">
  <testcase classname="com.capita.one.housing.tests.playwright.POC.JobManagementPOC_Test" name="housingLogin" time="0.336"/>
  <testcase classname="com.capita.one.housing.tests.playwright.POC.JobManagementPOC_Test" name="housingNavigation" time="10.488"/>
  <testcase classname="com.capita.one.housing.tests.playwright.POC.JobManagementPOC_Test" name="createLocation" time="51.671"/>
  <testcase classname="com.capita.one.housing.tests.playwright.POC.JobManagementPOC_Test" name="createJob" time="189.335"/>
  <testcase classname="com.capita.one.housing.tests.playwright.POC.JobManagementPOC_Test" name="workTicketManagement" time="19.524"/>
</testsuite> <!-- Default test -->
